<?xml version="1.0" encoding="UTF-8"?>
<testng-results ignored="0" total="2" passed="2" failed="0" skipped="0">
  <reporter-output>
  </reporter-output>
  <suite started-at="2023-11-21T14:34:25 IST" name="Default suite" finished-at="2023-11-21T14:34:29 IST" duration-ms="4821">
    <groups>
    </groups>
    <test started-at="2023-11-21T14:34:25 IST" name="Default test" finished-at="2023-11-21T14:34:29 IST" duration-ms="4821">
      <class name="opend.AdvertiserGetrequest">
        <test-method signature="AccessToken()[pri:0, instance:opend.AdvertiserGetrequest@7f552bd3]" started-at="2023-11-21T14:34:25 IST" name="AccessToken" finished-at="2023-11-21T14:34:28 IST" duration-ms="3726" status="PASS">
          <reporter-output>
          </reporter-output>
        </test-method> <!-- AccessToken -->
        <test-method signature="GetAdvertiser()[pri:2, instance:opend.AdvertiserGetrequest@7f552bd3]" started-at="2023-11-21T14:34:28 IST" name="GetAdvertiser" finished-at="2023-11-21T14:34:29 IST" duration-ms="977" status="PASS">
          <reporter-output>
          </reporter-output>
        </test-method> <!-- GetAdvertiser -->
      </class> <!-- opend.AdvertiserGetrequest -->
    </test> <!-- Default test -->
  </suite> <!-- Default suite -->
</testng-results>
